{
  "0 debug pnpm:scope": {
    "selected": 1
  },
  "1 error pnpm": {
    "errno": 1,
    "code": "ELIFECYCLE",
    "pkgid": "server@1.0.0",
    "stage": "start",
    "script": "node app.js",
    "pkgname": "server",
    "err": {
      "name": "pnpm",
      "message": "server@1.0.0 start: `node app.js`\nExit status 1",
      "code": "ELIFECYCLE",
      "stack": "pnpm: server@1.0.0 start: `node app.js`\nExit status 1\n    at EventEmitter.<anonymous> (/Users/h/.nvm/versions/node/v16.11.1/pnpm-global/5/node_modules/.pnpm/pnpm@6.32.3/node_modules/pnpm/dist/pnpm.cjs:105724:20)\n    at EventEmitter.emit (node:events:390:28)\n    at ChildProcess.<anonymous> (/Users/h/.nvm/versions/node/v16.11.1/pnpm-global/5/node_modules/.pnpm/pnpm@6.32.3/node_modules/pnpm/dist/pnpm.cjs:92285:18)\n    at ChildProcess.emit (node:events:390:28)\n    at maybeClose (node:internal/child_process:1064:16)\n    at Process.ChildProcess._handle.onexit (node:internal/child_process:301:5)"
    }
  },
  "2 warn pnpm:global": " Local package.json exists, but node_modules missing, did you mean to install?"
}